#
# A fatal error has been detected by the Java Runtime Environment:
#
#  SIGSEGV (0xb) at pc=0x0000000105c6f3af, pid=16965, tid=0x0000000000004a03
#
# JRE version: Java(TM) SE Runtime Environment (8.0_144-b01) (build 1.8.0_144-b01)
# Java VM: Java HotSpot(TM) 64-Bit Server VM (25.144-b01 mixed mode bsd-amd64 compressed oops)
# Problematic frame:
# V  [libjvm.dylib+0x4523af]  Klass::is_subtype_of(Klass*) const+0x7
#
# Failed to write core dump. Core dumps have been disabled. To enable core dumping, try "ulimit -c unlimited" before starting Java again
#
# If you would like to submit a bug report, please visit:
#   http://bugreport.java.com/bugreport/crash.jsp
#

---------------  T H R E A D  ---------------

Current thread (0x00007fd83801f800):  JavaThread "JDWP Transport Listener: dt_socket" daemon [_thread_in_vm, id=18947, stack(0x0000700006a8a000,0x0000700006b8a000)]

siginfo: si_signo: 11 (SIGSEGV), si_code: 1 (SEGV_MAPERR), si_addr: 0x0000000000000138

Registers:
RAX=0x0000000000000030, RBX=0x00007fd837412a70, RCX=0x0000000106106603, RDX=0x000000076abbf6b0
RSP=0x0000700006b89a10, RBP=0x0000700006b89a10, RSI=0x00000007c00016d0, RDI=0x0000000000000108
R8 =0x0000000106055238, R9 =0x0000000000385e3f, R10=0x0000000106055240, R11=0xffffffff00000000
R12=0x00007fd83801f9f8, R13=0x0000000000000000, R14=0x00007fd83762c7b0, R15=0x00007fd83801f9f8
RIP=0x0000000105c6f3af, EFLAGS=0x0000000000010202, ERR=0x0000000000000004
  TRAPNO=0x000000000000000e

Top of Stack: (sp=0x0000700006b89a10)
0x0000700006b89a10:   0000700006b89a40 0000000105b32700
0x0000700006b89a20:   00007fd83801f800 00007fd83762c7b0
0x0000700006b89a30:   00007fd83801f9f8 0000000000000000
0x0000700006b89a40:   0000700006b89a60 000000010785703a
0x0000700006b89a50:   0000700006b89b08 0000000107868598
0x0000700006b89a60:   0000700006b89ae0 000000010783c097
0x0000700006b89a70:   0000000506b89aa0 0000000000040000
0x0000700006b89a80:   0000000300000032 00007fd83801f9f8
0x0000700006b89a90:   0000700006b89c90 00007fd837412b10
0x0000700006b89aa0:   0000700006b89ac0 000000010784e719
0x0000700006b89ab0:   00007fd83762c7b0 0000700006b89c90
0x0000700006b89ac0:   000000010785cdf0 00007fd837719530
0x0000700006b89ad0:   0000700006b89b08 0000000107868598
0x0000700006b89ae0:   0000700006b89d00 0000000107843780
0x0000700006b89af0:   0001971900000038 0000000000011000
0x0000700006b89b00:   00007fd8377182a0 0000700006b89b77
0x0000700006b89b10:   00007fd80000010d 0000700006b89b20
0x0000700006b89b20:   00007fd80000001f 0000700006b89b58
0x0000700006b89b30:   0000000000000000 0000000000000000
0x0000700006b89b40:   000197190000000c 00007fd800009380
0x0000700006b89b50:   0000700006b89b58 0000005b05000000
0x0000700006b89b60:   00004cbc01000000 004cbd0100000000
0x0000700006b89b70:   00be010000000000 000000c100000000
0x0000700006b89b80:   6804000000420000 4901000000687361
0x0000700006b89b90:   0200000000000000 10596337d87f0000
0x0000700006b89ba0:   6972657310000000 6f69737265566c61
0x0000700006b89bb0:   010000004449556e 000000000000004a
0x0000700006b89bc0:   586337d87f00001a 72657316000000f0
0x0000700006b89bd0:   69737265506c6169 656946746e657473
0x0000700006b89be0:   5b1c00000073646c 6f692f6176616a4c
0x0000700006b89bf0:   537463656a624f2f 6569466d61657274
0x0000700006b89c00:   00000000003b646c 37d87f00001a0000 

Instructions: (pc=0x0000000105c6f3af)
0x0000000105c6f38f:   49 89 1c ce 41 ff 46 40 49 8d 04 ce eb 03 48 89
0x0000000105c6f39f:   18 5b 41 5e 5d c3 90 90 90 55 48 89 e5 8b 46 0c
0x0000000105c6f3af:   48 39 34 07 75 04 b0 01 eb 0e 83 f8 18 74 04 30
0x0000000105c6f3bf:   c0 eb 05 e8 05 d0 f5 ff 0f b6 c0 5d c3 55 48 89 

Register to memory mapping:

RAX=0x0000000000000030 is an unknown value
RBX=0x00007fd837412a70 is a global jni handle
RCX=0x0000000106106603: CONST_G1ExitOnExpansionFailure+0x3 in /Library/Java/JavaVirtualMachines/jdk1.8.0_144.jdk/Contents/Home/jre/lib/server/libjvm.dylib at 0x000000010581d000
RDX=0x000000076abbf6b0 is an oop

[error occurred during error reporting (printing register info), id 0xb]

Stack: [0x0000700006a8a000,0x0000700006b8a000],  sp=0x0000700006b89a10,  free space=1022k
Native frames: (J=compiled Java code, j=interpreted, Vv=VM code, C=native code)
V  [libjvm.dylib+0x4523af]  Klass::is_subtype_of(Klass*) const+0x7
V  [libjvm.dylib+0x315700]  jni_IsInstanceOf+0x88
C  [libjdwp.dylib+0x2203a]  specificTypeKey+0x73
C  [libjdwp.dylib+0x7097]  getValues+0x1cf
C  [libjdwp.dylib+0xe780]  debugLoop_run+0x1ce
C  [libjdwp.dylib+0x1f606]  attachThread+0x4d
V  [libjvm.dylib+0x39b06c]  JvmtiAgentThread::call_start_function()+0x38
V  [libjvm.dylib+0x56c0b3]  JavaThread::thread_main_inner()+0x9b
V  [libjvm.dylib+0x56d7a0]  JavaThread::run()+0x1c2
V  [libjvm.dylib+0x48baee]  java_start(Thread*)+0xf6
C  [libsystem_pthread.dylib+0x393b]  _pthread_body+0xb4
C  [libsystem_pthread.dylib+0x3887]  _pthread_body+0x0
C  [libsystem_pthread.dylib+0x308d]  thread_start+0xd
C  0x0000000000000000


---------------  P R O C E S S  ---------------

Java Threads: ( => current thread )
  0x00007fd838860800 JavaThread "Service Thread" daemon [_thread_blocked, id=22531, stack(0x000070000719f000,0x000070000729f000)]
  0x00007fd83a001000 JavaThread "C1 CompilerThread3" daemon [_thread_blocked, id=22019, stack(0x000070000709c000,0x000070000719c000)]
  0x00007fd83a000000 JavaThread "C2 CompilerThread2" daemon [_thread_blocked, id=21507, stack(0x0000700006f99000,0x0000700007099000)]
  0x00007fd838022000 JavaThread "C2 CompilerThread1" daemon [_thread_blocked, id=20995, stack(0x0000700006e96000,0x0000700006f96000)]
  0x00007fd83801e800 JavaThread "C2 CompilerThread0" daemon [_thread_blocked, id=20483, stack(0x0000700006d93000,0x0000700006e93000)]
  0x00007fd838833800 JavaThread "JDWP Command Reader" daemon [_thread_in_native, id=19971, stack(0x0000700006c90000,0x0000700006d90000)]
  0x00007fd838020000 JavaThread "JDWP Event Helper Thread" daemon [_thread_blocked, id=19459, stack(0x0000700006b8d000,0x0000700006c8d000)]
=>0x00007fd83801f800 JavaThread "JDWP Transport Listener: dt_socket" daemon [_thread_in_vm, id=18947, stack(0x0000700006a8a000,0x0000700006b8a000)]
  0x00007fd837838800 JavaThread "Signal Dispatcher" daemon [_thread_blocked, id=18435, stack(0x0000700006987000,0x0000700006a87000)]
  0x00007fd838006800 JavaThread "Finalizer" daemon [_thread_blocked, id=14595, stack(0x0000700006884000,0x0000700006984000)]
  0x00007fd83882f000 JavaThread "Reference Handler" daemon [_thread_blocked, id=14083, stack(0x0000700006781000,0x0000700006881000)]
  0x00007fd83780b800 JavaThread "main" [_thread_blocked, id=7171, stack(0x0000700005d63000,0x0000700005e63000)]

Other Threads:
  0x00007fd83781d000 VMThread [stack: 0x000070000667e000,0x000070000677e000] [id=13571]
  0x00007fd83805a800 WatcherThread [stack: 0x00007000072a2000,0x00007000073a2000] [id=23043]

VM state:not at safepoint (normal execution)

VM Mutex/Monitor currently owned by a thread: None

Heap:
 PSYoungGen      total 76288K, used 3932K [0x000000076ab00000, 0x0000000770000000, 0x00000007c0000000)
  eden space 65536K, 6% used [0x000000076ab00000,0x000000076aed70e0,0x000000076eb00000)
  from space 10752K, 0% used [0x000000076f580000,0x000000076f580000,0x0000000770000000)
  to   space 10752K, 0% used [0x000000076eb00000,0x000000076eb00000,0x000000076f580000)
 ParOldGen       total 175104K, used 0K [0x00000006c0000000, 0x00000006cab00000, 0x000000076ab00000)
  object space 175104K, 0% used [0x00000006c0000000,0x00000006c0000000,0x00000006cab00000)
 Metaspace       used 2732K, capacity 4490K, committed 4864K, reserved 1056768K
  class space    used 293K, capacity 386K, committed 512K, reserved 1048576K

Card table byte_map: [0x0000000107c40000,0x0000000108441000] byte_map_base: 0x0000000104640000

Marking Bits: (ParMarkBitMap*) 0x00000001061105d0
 Begin Bits: [0x0000000108997000, 0x000000010c997000)
 End Bits:   [0x000000010c997000, 0x0000000110997000)

Polling page: 0x00000001067d2000

CodeCache: size=245760Kb used=1129Kb max_used=1129Kb free=244630Kb
 bounds [0x0000000111494000, 0x0000000111704000, 0x0000000120494000]
 total_blobs=269 nmethods=46 adapters=145
 compilation: enabled

Compilation events (10 events):
Event: 0.143 Thread 0x00007fd83a001000   42       3       java.util.HashMap::hash (20 bytes)
Event: 0.144 Thread 0x00007fd83a001000 nmethod 42 0x00000001115ac110 code [0x00000001115ac280, 0x00000001115ac4e8]
Event: 0.144 Thread 0x00007fd83a001000   43       3       java.lang.String::<init> (82 bytes)
Event: 0.144 Thread 0x00007fd83a001000 nmethod 43 0x00000001115ac590 code [0x00000001115ac780, 0x00000001115accb8]
Event: 0.145 Thread 0x00007fd83a001000   44       3       java.nio.charset.CharsetEncoder::maxBytesPerChar (5 bytes)
Event: 0.145 Thread 0x00007fd83a001000 nmethod 44 0x00000001115ad750 code [0x00000001115ad8a0, 0x00000001115ad9f0]
Event: 0.149 Thread 0x00007fd83a001000   45       3       java.lang.String::startsWith (7 bytes)
Event: 0.149 Thread 0x00007fd83a001000 nmethod 45 0x00000001115ada50 code [0x00000001115adbc0, 0x00000001115adde8]
Event: 0.175 Thread 0x00007fd83a001000   46       3       java.lang.AbstractStringBuilder::newCapacity (39 bytes)
Event: 0.177 Thread 0x00007fd83a001000 nmethod 46 0x00000001115ade90 code [0x00000001115ae020, 0x00000001115ae428]

GC Heap History (0 events):
No events

Deoptimization events (0 events):
No events

Internal exceptions (2 events):
Event: 0.044 Thread 0x00007fd83780b800 Exception <a 'java/lang/NoSuchMethodError': Method sun.misc.Unsafe.defineClass(Ljava/lang/String;[BII)Ljava/lang/Class; name or signature does not match> (0x000000076ab07ca8) thrown at [/Users/java_re/workspace/8-2-build-macosx-x86_64/jdk8u144/9417/hotspo
Event: 0.044 Thread 0x00007fd83780b800 Exception <a 'java/lang/NoSuchMethodError': Method sun.misc.Unsafe.prefetchRead(Ljava/lang/Object;J)V name or signature does not match> (0x000000076ab07f90) thrown at [/Users/java_re/workspace/8-2-build-macosx-x86_64/jdk8u144/9417/hotspot/src/share/vm/pri

Events (10 events):
Event: 24.779 Executing VM operation: ForceSafepoint
Event: 24.779 Executing VM operation: ForceSafepoint done
Event: 24.800 Executing VM operation: GetOrSetLocal
Event: 24.800 Executing VM operation: GetOrSetLocal done
Event: 24.800 Executing VM operation: GetOrSetLocal
Event: 24.800 Executing VM operation: GetOrSetLocal done
Event: 24.800 Executing VM operation: GetOrSetLocal
Event: 24.800 Executing VM operation: GetOrSetLocal done
Event: 24.800 Executing VM operation: GetOrSetLocal
Event: 24.800 Executing VM operation: GetOrSetLocal done


Dynamic libraries:
0x0000000005647000 	/System/Library/Frameworks/Cocoa.framework/Versions/A/Cocoa
0x0000000005647000 	/System/Library/Frameworks/Security.framework/Versions/A/Security
0x0000000005647000 	/System/Library/Frameworks/ApplicationServices.framework/Versions/A/ApplicationServices
0x0000000005647000 	/usr/lib/libz.1.dylib
0x0000000005647000 	/usr/lib/libSystem.B.dylib
0x0000000005647000 	/usr/lib/libobjc.A.dylib
0x0000000005647000 	/System/Library/Frameworks/CoreFoundation.framework/Versions/A/CoreFoundation
0x0000000005647000 	/System/Library/Frameworks/Foundation.framework/Versions/C/Foundation
0x0000000005647000 	/System/Library/Frameworks/AppKit.framework/Versions/C/AppKit
0x0000000005647000 	/System/Library/Frameworks/CoreData.framework/Versions/A/CoreData
0x0000000005647000 	/System/Library/PrivateFrameworks/RemoteViewServices.framework/Versions/A/RemoteViewServices
0x0000000005647000 	/System/Library/PrivateFrameworks/UIFoundation.framework/Versions/A/UIFoundation
0x0000000005647000 	/System/Library/PrivateFrameworks/DFRFoundation.framework/Versions/A/DFRFoundation
0x0000000005647000 	/usr/lib/libenergytrace.dylib
0x0000000005647000 	/System/Library/PrivateFrameworks/SkyLight.framework/Versions/A/SkyLight
0x0000000005647000 	/System/Library/Frameworks/CoreGraphics.framework/Versions/A/CoreGraphics
0x0000000005647000 	/usr/lib/libScreenReader.dylib
0x0000000005647000 	/System/Library/Frameworks/Accelerate.framework/Versions/A/Accelerate
0x0000000005647000 	/System/Library/Frameworks/IOSurface.framework/Versions/A/IOSurface
0x0000000005647000 	/System/Library/Frameworks/AudioToolbox.framework/Versions/A/AudioToolbox
0x0000000005647000 	/System/Library/Frameworks/AudioUnit.framework/Versions/A/AudioUnit
0x0000000005647000 	/System/Library/PrivateFrameworks/DataDetectorsCore.framework/Versions/A/DataDetectorsCore
0x0000000005647000 	/System/Library/PrivateFrameworks/DesktopServicesPriv.framework/Versions/A/DesktopServicesPriv
0x0000000005647000 	/System/Library/Frameworks/Carbon.framework/Versions/A/Frameworks/HIToolbox.framework/Versions/A/HIToolbox
0x0000000005647000 	/usr/lib/libicucore.A.dylib
0x0000000005647000 	/System/Library/Frameworks/QuartzCore.framework/Versions/A/QuartzCore
0x0000000005647000 	/System/Library/Frameworks/Carbon.framework/Versions/A/Frameworks/SpeechRecognition.framework/Versions/A/SpeechRecognition
0x0000000005647000 	/usr/lib/libauto.dylib
0x0000000005647000 	/usr/lib/libxml2.2.dylib
0x0000000005647000 	/System/Library/PrivateFrameworks/CoreUI.framework/Versions/A/CoreUI
0x0000000005647000 	/System/Library/Frameworks/CoreAudio.framework/Versions/A/CoreAudio
0x0000000005647000 	/System/Library/Frameworks/DiskArbitration.framework/Versions/A/DiskArbitration
0x0000000005647000 	/usr/lib/liblangid.dylib
0x0000000005647000 	/System/Library/PrivateFrameworks/MultitouchSupport.framework/Versions/A/MultitouchSupport
0x0000000005647000 	/System/Library/Frameworks/IOKit.framework/Versions/A/IOKit
0x0000000005647000 	/usr/lib/libDiagnosticMessagesClient.dylib
0x0000000005647000 	/System/Library/Frameworks/CoreServices.framework/Versions/A/CoreServices
0x0000000005647000 	/System/Library/PrivateFrameworks/PerformanceAnalysis.framework/Versions/A/PerformanceAnalysis
0x0000000005647000 	/System/Library/PrivateFrameworks/GenerationalStorage.framework/Versions/A/GenerationalStorage
0x0000000005647000 	/System/Library/Frameworks/OpenGL.framework/Versions/A/OpenGL
0x0000000005647000 	/System/Library/Frameworks/CoreImage.framework/Versions/A/CoreImage
0x0000000005647000 	/System/Library/Frameworks/CoreText.framework/Versions/A/CoreText
0x0000000005647000 	/System/Library/Frameworks/ImageIO.framework/Versions/A/ImageIO
0x0000000005647000 	/System/Library/PrivateFrameworks/Backup.framework/Versions/A/Backup
0x0000000005647000 	/usr/lib/libarchive.2.dylib
0x0000000005647000 	/System/Library/Frameworks/CFNetwork.framework/Versions/A/CFNetwork
0x0000000005647000 	/System/Library/Frameworks/SystemConfiguration.framework/Versions/A/SystemConfiguration
0x0000000005647000 	/usr/lib/libCRFSuite.dylib
0x0000000005647000 	/usr/lib/libc++.1.dylib
0x0000000005647000 	/usr/lib/libc++abi.dylib
0x0000000005647000 	/usr/lib/system/libcache.dylib
0x0000000005647000 	/usr/lib/system/libcommonCrypto.dylib
0x0000000005647000 	/usr/lib/system/libcompiler_rt.dylib
0x0000000005647000 	/usr/lib/system/libcopyfile.dylib
0x0000000005647000 	/usr/lib/system/libcorecrypto.dylib
0x0000000005647000 	/usr/lib/system/libdispatch.dylib
0x0000000005647000 	/usr/lib/system/libdyld.dylib
0x0000000005647000 	/usr/lib/system/libkeymgr.dylib
0x0000000005647000 	/usr/lib/system/liblaunch.dylib
0x0000000005647000 	/usr/lib/system/libmacho.dylib
0x0000000005647000 	/usr/lib/system/libquarantine.dylib
0x0000000005647000 	/usr/lib/system/libremovefile.dylib
0x0000000005647000 	/usr/lib/system/libsystem_asl.dylib
0x0000000005647000 	/usr/lib/system/libsystem_blocks.dylib
0x0000000005647000 	/usr/lib/system/libsystem_c.dylib
0x0000000005647000 	/usr/lib/system/libsystem_configuration.dylib
0x0000000005647000 	/usr/lib/system/libsystem_coreservices.dylib
0x0000000005647000 	/usr/lib/system/libsystem_coretls.dylib
0x0000000005647000 	/usr/lib/system/libsystem_dnssd.dylib
0x0000000005647000 	/usr/lib/system/libsystem_info.dylib
0x0000000005647000 	/usr/lib/system/libsystem_kernel.dylib
0x0000000005647000 	/usr/lib/system/libsystem_m.dylib
0x0000000005647000 	/usr/lib/system/libsystem_malloc.dylib
0x0000000005647000 	/usr/lib/system/libsystem_network.dylib
0x0000000005647000 	/usr/lib/system/libsystem_networkextension.dylib
0x0000000005647000 	/usr/lib/system/libsystem_notify.dylib
0x0000000005647000 	/usr/lib/system/libsystem_platform.dylib
0x0000000005647000 	/usr/lib/system/libsystem_pthread.dylib
0x0000000005647000 	/usr/lib/system/libsystem_sandbox.dylib
0x0000000005647000 	/usr/lib/system/libsystem_secinit.dylib
0x0000000005647000 	/usr/lib/system/libsystem_symptoms.dylib
0x0000000005647000 	/usr/lib/system/libsystem_trace.dylib
0x0000000005647000 	/usr/lib/system/libunwind.dylib
0x0000000005647000 	/usr/lib/system/libxpc.dylib
0x0000000005647000 	/usr/lib/libbsm.0.dylib
0x0000000005647000 	/usr/lib/system/libkxld.dylib
0x0000000005647000 	/usr/lib/libcoretls.dylib
0x0000000005647000 	/usr/lib/libcoretls_cfhelpers.dylib
0x0000000005647000 	/usr/lib/libOpenScriptingUtil.dylib
0x0000000005647000 	/usr/lib/libpam.2.dylib
0x0000000005647000 	/usr/lib/libsqlite3.dylib
0x0000000005647000 	/usr/lib/libxar.1.dylib
0x0000000005647000 	/usr/lib/libbz2.1.0.dylib
0x0000000005647000 	/usr/lib/liblzma.5.dylib
0x0000000005647000 	/usr/lib/libnetwork.dylib
0x0000000005647000 	/usr/lib/libpcap.A.dylib
0x0000000005647000 	/System/Library/Frameworks/CoreServices.framework/Versions/A/Frameworks/FSEvents.framework/Versions/A/FSEvents
0x0000000005647000 	/System/Library/Frameworks/CoreServices.framework/Versions/A/Frameworks/CarbonCore.framework/Versions/A/CarbonCore
0x0000000005647000 	/System/Library/Frameworks/CoreServices.framework/Versions/A/Frameworks/Metadata.framework/Versions/A/Metadata
0x0000000005647000 	/System/Library/Frameworks/CoreServices.framework/Versions/A/Frameworks/OSServices.framework/Versions/A/OSServices
0x0000000005647000 	/System/Library/Frameworks/CoreServices.framework/Versions/A/Frameworks/SearchKit.framework/Versions/A/SearchKit
0x0000000005647000 	/System/Library/Frameworks/CoreServices.framework/Versions/A/Frameworks/AE.framework/Versions/A/AE
0x0000000005647000 	/System/Library/Frameworks/CoreServices.framework/Versions/A/Frameworks/LaunchServices.framework/Versions/A/LaunchServices
0x0000000005647000 	/System/Library/Frameworks/CoreServices.framework/Versions/A/Frameworks/DictionaryServices.framework/Versions/A/DictionaryServices
0x0000000005647000 	/System/Library/Frameworks/CoreServices.framework/Versions/A/Frameworks/SharedFileList.framework/Versions/A/SharedFileList
0x0000000005647000 	/System/Library/Frameworks/NetFS.framework/Versions/A/NetFS
0x0000000005647000 	/System/Library/PrivateFrameworks/NetAuth.framework/Versions/A/NetAuth
0x0000000005647000 	/System/Library/PrivateFrameworks/login.framework/Versions/A/Frameworks/loginsupport.framework/Versions/A/loginsupport
0x0000000005647000 	/System/Library/PrivateFrameworks/TCC.framework/Versions/A/TCC
0x0000000005647000 	/usr/lib/libmecabra.dylib
0x0000000005647000 	/System/Library/Frameworks/ApplicationServices.framework/Versions/A/Frameworks/ATS.framework/Versions/A/ATS
0x0000000005647000 	/System/Library/Frameworks/ApplicationServices.framework/Versions/A/Frameworks/ColorSync.framework/Versions/A/ColorSync
0x0000000005647000 	/System/Library/Frameworks/ApplicationServices.framework/Versions/A/Frameworks/HIServices.framework/Versions/A/HIServices
0x0000000005647000 	/System/Library/Frameworks/ApplicationServices.framework/Versions/A/Frameworks/LangAnalysis.framework/Versions/A/LangAnalysis
0x0000000005647000 	/System/Library/Frameworks/ApplicationServices.framework/Versions/A/Frameworks/PrintCore.framework/Versions/A/PrintCore
0x0000000005647000 	/System/Library/Frameworks/ApplicationServices.framework/Versions/A/Frameworks/QD.framework/Versions/A/QD
0x0000000005647000 	/System/Library/Frameworks/ApplicationServices.framework/Versions/A/Frameworks/SpeechSynthesis.framework/Versions/A/SpeechSynthesis
0x0000000005647000 	/System/Library/Frameworks/Accelerate.framework/Versions/A/Frameworks/vImage.framework/Versions/A/vImage
0x0000000005647000 	/System/Library/Frameworks/Accelerate.framework/Versions/A/Frameworks/vecLib.framework/Versions/A/vecLib
0x0000000005647000 	/System/Library/Frameworks/Accelerate.framework/Versions/A/Frameworks/vecLib.framework/Versions/A/libvDSP.dylib
0x0000000005647000 	/System/Library/Frameworks/Accelerate.framework/Versions/A/Frameworks/vecLib.framework/Versions/A/libBNNS.dylib
0x0000000005647000 	/System/Library/Frameworks/Accelerate.framework/Versions/A/Frameworks/vecLib.framework/Versions/A/libQuadrature.dylib
0x0000000005647000 	/System/Library/Frameworks/Accelerate.framework/Versions/A/Frameworks/vecLib.framework/Versions/A/libvMisc.dylib
0x0000000005647000 	/System/Library/Frameworks/Accelerate.framework/Versions/A/Frameworks/vecLib.framework/Versions/A/libLAPACK.dylib
0x0000000005647000 	/System/Library/Frameworks/Accelerate.framework/Versions/A/Frameworks/vecLib.framework/Versions/A/libBLAS.dylib
0x0000000005647000 	/System/Library/Frameworks/Accelerate.framework/Versions/A/Frameworks/vecLib.framework/Versions/A/libLinearAlgebra.dylib
0x0000000005647000 	/System/Library/Frameworks/Accelerate.framework/Versions/A/Frameworks/vecLib.framework/Versions/A/libSparseBLAS.dylib
0x0000000005647000 	/System/Library/Frameworks/ApplicationServices.framework/Versions/A/Frameworks/ATS.framework/Versions/A/Resources/libFontParser.dylib
0x0000000005647000 	/System/Library/Frameworks/ApplicationServices.framework/Versions/A/Frameworks/ATS.framework/Versions/A/Resources/libFontRegistry.dylib
0x0000000005647000 	/System/Library/Frameworks/ImageIO.framework/Versions/A/Resources/libJPEG.dylib
0x0000000005647000 	/System/Library/Frameworks/ImageIO.framework/Versions/A/Resources/libTIFF.dylib
0x0000000005647000 	/System/Library/Frameworks/ImageIO.framework/Versions/A/Resources/libPng.dylib
0x0000000005647000 	/System/Library/Frameworks/ImageIO.framework/Versions/A/Resources/libGIF.dylib
0x0000000005647000 	/System/Library/Frameworks/ImageIO.framework/Versions/A/Resources/libJP2.dylib
0x0000000005647000 	/System/Library/Frameworks/ImageIO.framework/Versions/A/Resources/libRadiance.dylib
0x0000000005647000 	/usr/lib/libcompression.dylib
0x0000000005647000 	/System/Library/PrivateFrameworks/AppleJPEG.framework/Versions/A/AppleJPEG
0x0000000005647000 	/usr/lib/libcups.2.dylib
0x0000000005647000 	/System/Library/Frameworks/Kerberos.framework/Versions/A/Kerberos
0x0000000005647000 	/System/Library/Frameworks/GSS.framework/Versions/A/GSS
0x0000000005647000 	/usr/lib/libresolv.9.dylib
0x0000000005647000 	/usr/lib/libiconv.2.dylib
0x0000000005647000 	/System/Library/PrivateFrameworks/Heimdal.framework/Versions/A/Heimdal
0x0000000005647000 	/usr/lib/libheimdal-asn1.dylib
0x0000000005647000 	/System/Library/Frameworks/OpenDirectory.framework/Versions/A/OpenDirectory
0x0000000005647000 	/System/Library/PrivateFrameworks/CommonAuth.framework/Versions/A/CommonAuth
0x0000000005647000 	/System/Library/Frameworks/OpenDirectory.framework/Versions/A/Frameworks/CFOpenDirectory.framework/Versions/A/CFOpenDirectory
0x0000000005647000 	/System/Library/Frameworks/SecurityFoundation.framework/Versions/A/SecurityFoundation
0x0000000005647000 	/System/Library/PrivateFrameworks/LanguageModeling.framework/Versions/A/LanguageModeling
0x0000000005647000 	/usr/lib/libmarisa.dylib
0x0000000005647000 	/usr/lib/libChineseTokenizer.dylib
0x0000000005647000 	/usr/lib/libcmph.dylib
0x0000000005647000 	/System/Library/PrivateFrameworks/CoreEmoji.framework/Versions/A/CoreEmoji
0x0000000005647000 	/System/Library/Frameworks/ServiceManagement.framework/Versions/A/ServiceManagement
0x0000000005647000 	/usr/lib/libxslt.1.dylib
0x0000000005647000 	/System/Library/Frameworks/Carbon.framework/Versions/A/Frameworks/Ink.framework/Versions/A/Ink
0x0000000005647000 	/System/Library/PrivateFrameworks/TextureIO.framework/Versions/A/TextureIO
0x0000000005647000 	/System/Library/Frameworks/Metal.framework/Versions/A/Metal
0x0000000005647000 	/usr/lib/libate.dylib
0x0000000005647000 	/System/Library/PrivateFrameworks/GPUCompiler.framework/libmetal_timestamp.dylib
0x0000000005647000 	/System/Library/Frameworks/OpenGL.framework/Versions/A/Libraries/libCoreFSCache.dylib
0x0000000005647000 	/System/Library/PrivateFrameworks/IOAccelerator.framework/Versions/A/IOAccelerator
0x0000000005647000 	/System/Library/Frameworks/CoreVideo.framework/Versions/A/CoreVideo
0x0000000005647000 	/usr/lib/libFosl_dynamic.dylib
0x0000000005647000 	/System/Library/PrivateFrameworks/MetalPerformanceShaders.framework/Versions/A/MetalPerformanceShaders
0x0000000005647000 	/System/Library/PrivateFrameworks/FaceCore.framework/Versions/A/FaceCore
0x0000000005647000 	/System/Library/Frameworks/OpenCL.framework/Versions/A/OpenCL
0x0000000005647000 	/System/Library/Frameworks/OpenGL.framework/Versions/A/Libraries/libGLU.dylib
0x0000000005647000 	/System/Library/Frameworks/OpenGL.framework/Versions/A/Libraries/libGFXShared.dylib
0x0000000005647000 	/System/Library/Frameworks/OpenGL.framework/Versions/A/Libraries/libGL.dylib
0x0000000005647000 	/System/Library/Frameworks/OpenGL.framework/Versions/A/Libraries/libGLImage.dylib
0x0000000005647000 	/System/Library/Frameworks/OpenGL.framework/Versions/A/Libraries/libCVMSPluginSupport.dylib
0x0000000005647000 	/System/Library/Frameworks/OpenGL.framework/Versions/A/Libraries/libCoreVMClient.dylib
0x0000000005647000 	/System/Library/PrivateFrameworks/CrashReporterSupport.framework/Versions/A/CrashReporterSupport
0x0000000005647000 	/System/Library/PrivateFrameworks/Sharing.framework/Versions/A/Sharing
0x0000000005647000 	/System/Library/PrivateFrameworks/IconServices.framework/Versions/A/IconServices
0x0000000005647000 	/System/Library/PrivateFrameworks/ProtocolBuffer.framework/Versions/A/ProtocolBuffer
0x0000000005647000 	/System/Library/PrivateFrameworks/Apple80211.framework/Versions/A/Apple80211
0x0000000005647000 	/System/Library/Frameworks/CoreWLAN.framework/Versions/A/CoreWLAN
0x0000000005647000 	/System/Library/PrivateFrameworks/CoreUtils.framework/Versions/A/CoreUtils
0x0000000005647000 	/System/Library/Frameworks/IOBluetooth.framework/Versions/A/IOBluetooth
0x0000000005647000 	/System/Library/PrivateFrameworks/CoreWiFi.framework/Versions/A/CoreWiFi
0x0000000005647000 	/System/Library/Frameworks/CoreBluetooth.framework/Versions/A/CoreBluetooth
0x0000000005647000 	/System/Library/Frameworks/CoreDisplay.framework/Versions/A/CoreDisplay
0x0000000005647000 	/System/Library/PrivateFrameworks/IOPresentment.framework/Versions/A/IOPresentment
0x0000000005647000 	/System/Library/PrivateFrameworks/DSExternalDisplay.framework/Versions/A/DSExternalDisplay
0x0000000005647000 	/System/Library/PrivateFrameworks/DebugSymbols.framework/Versions/A/DebugSymbols
0x0000000005647000 	/System/Library/PrivateFrameworks/CoreSymbolication.framework/Versions/A/CoreSymbolication
0x0000000005647000 	/System/Library/PrivateFrameworks/Symbolication.framework/Versions/A/Symbolication
0x0000000005647000 	/System/Library/PrivateFrameworks/AppleFSCompression.framework/Versions/A/AppleFSCompression
0x0000000005647000 	/System/Library/PrivateFrameworks/SpeechRecognitionCore.framework/Versions/A/SpeechRecognitionCore
0x0000000005647000 	/System/Library/PrivateFrameworks/ChunkingLibrary.framework/Versions/A/ChunkingLibrary
0x00000001057d9000 	/System/Library/CoreServices/Encodings/libSimplifiedChineseConverter.dylib
0x000000010581d000 	/Library/Java/JavaVirtualMachines/jdk1.8.0_144.jdk/Contents/Home/jre/lib/server/libjvm.dylib
0x0000000005647000 	/usr/lib/libstdc++.6.dylib
0x00000001067c4000 	/Library/Java/JavaVirtualMachines/jdk1.8.0_144.jdk/Contents/Home/jre/lib/libverify.dylib
0x0000000107800000 	/Library/Java/JavaVirtualMachines/jdk1.8.0_144.jdk/Contents/Home/jre/lib/libjava.dylib
0x0000000107835000 	/Library/Java/JavaVirtualMachines/jdk1.8.0_144.jdk/Contents/Home/jre/lib/libjdwp.dylib
0x00000001067d3000 	/Library/Java/JavaVirtualMachines/jdk1.8.0_144.jdk/Contents/Home/jre/lib/libnpt.dylib
0x00000001067e0000 	/Library/Java/JavaVirtualMachines/jdk1.8.0_144.jdk/Contents/Home/jre/lib/libzip.dylib
0x00000001229da000 	/System/Library/Frameworks/JavaVM.framework/Frameworks/JavaRuntimeSupport.framework/JavaRuntimeSupport
0x00000001067ea000 	/System/Library/Frameworks/JavaVM.framework/Versions/A/Frameworks/JavaNativeFoundation.framework/Versions/A/JavaNativeFoundation
0x00000001113f1000 	/System/Library/Frameworks/JavaVM.framework/Versions/A/JavaVM
0x0000000005647000 	/System/Library/Frameworks/Carbon.framework/Versions/A/Carbon
0x00000001229f4000 	/System/Library/PrivateFrameworks/JavaLaunching.framework/Versions/A/JavaLaunching
0x0000000005647000 	/System/Library/Frameworks/Carbon.framework/Versions/A/Frameworks/CommonPanels.framework/Versions/A/CommonPanels
0x0000000005647000 	/System/Library/Frameworks/Carbon.framework/Versions/A/Frameworks/Help.framework/Versions/A/Help
0x0000000005647000 	/System/Library/Frameworks/Carbon.framework/Versions/A/Frameworks/ImageCapture.framework/Versions/A/ImageCapture
0x0000000005647000 	/System/Library/Frameworks/Carbon.framework/Versions/A/Frameworks/OpenScripting.framework/Versions/A/OpenScripting
0x0000000005647000 	/System/Library/Frameworks/Carbon.framework/Versions/A/Frameworks/Print.framework/Versions/A/Print
0x0000000005647000 	/System/Library/Frameworks/Carbon.framework/Versions/A/Frameworks/SecurityHI.framework/Versions/A/SecurityHI
0x00000001242f9000 	/Library/Java/JavaVirtualMachines/jdk1.8.0_144.jdk/Contents/Home/jre/lib/libdt_socket.dylib

VM Arguments:
jvm_args: -agentlib:jdwp=transport=dt_socket,address=127.0.0.1:49174,suspend=y,server=n -Dfile.encoding=UTF-8 
java_command: com.pyq.study.javaSource.reflect.ReflectionTest
java_class_path (initial): /Library/Java/JavaVirtualMachines/jdk1.8.0_144.jdk/Contents/Home/jre/lib/charsets.jar:/Library/Java/JavaVirtualMachines/jdk1.8.0_144.jdk/Contents/Home/jre/lib/deploy.jar:/Library/Java/JavaVirtualMachines/jdk1.8.0_144.jdk/Contents/Home/jre/lib/ext/cldrdata.jar:/Library/Java/JavaVirtualMachines/jdk1.8.0_144.jdk/Contents/Home/jre/lib/ext/dnsns.jar:/Library/Java/JavaVirtualMachines/jdk1.8.0_144.jdk/Contents/Home/jre/lib/ext/jaccess.jar:/Library/Java/JavaVirtualMachines/jdk1.8.0_144.jdk/Contents/Home/jre/lib/ext/jfxrt.jar:/Library/Java/JavaVirtualMachines/jdk1.8.0_144.jdk/Contents/Home/jre/lib/ext/localedata.jar:/Library/Java/JavaVirtualMachines/jdk1.8.0_144.jdk/Contents/Home/jre/lib/ext/nashorn.jar:/Library/Java/JavaVirtualMachines/jdk1.8.0_144.jdk/Contents/Home/jre/lib/ext/sunec.jar:/Library/Java/JavaVirtualMachines/jdk1.8.0_144.jdk/Contents/Home/jre/lib/ext/sunjce_provider.jar:/Library/Java/JavaVirtualMachines/jdk1.8.0_144.jdk/Contents/Home/jre/lib/ext/sunpkcs11.jar:/Library/Java/JavaVirtualMachines/jdk1.8.0_144.jdk/Contents/Home/jre/lib/ext/zipfs.jar:/Library/Java/JavaVirtualMachines/jdk1.8.0_144.jdk/Contents/Home/jre/lib/javaws.jar:/Library/Java/JavaVirtualMachines/jdk1.8.0_144.jdk/Contents/Home/jre/lib/jce.jar:/Library/Java/JavaVirtualMachines/jdk1.8.0_144.jdk/Contents/Home/jre/lib/jfr.jar:/Library/Java/JavaVirtualMachines/jdk1.8.0_144.jdk/Contents/Home/jre/lib/jfxswt.jar:/Library/Java/JavaVirtualMachines/jdk1.8.0_144.jdk/Contents/Home/jre/lib/jsse.jar:/Library/Java/JavaVirtualMachines/jdk1.8.0_144.jdk/Contents/Home/jre/lib/management-agent.jar:/Library/Java/JavaVirtualMachines/jdk1.8.0_144.jdk/Contents/Home/jre/lib/plugin.jar:/Library/Java/JavaVirtualMachines/jdk1.8.0_144.jdk/Contents/Home/jre/lib/resources.jar:/Library/Java/JavaVirtualMachines/jdk1.8.0_144.jdk/Contents/Home/jre/lib/rt.jar:/Library/Java/JavaVirtualMachines/jdk1.8.0_144.jdk/Contents/Home/lib/ant-javafx.jar:/Library/Java/JavaVirtualMachines/jdk1.8.0_144.jdk/Contents/Home
Launcher Type: SUN_STANDARD

Environment Variables:
JAVA_HOME=/Library/Java/JavaVirtualMachines/jdk1.8.0_144.jdk/Contents/Home
CLASSPATH=.:/Library/Java/JavaVirtualMachines/jdk1.8.0_144.jdk/Contents/Home/lib/dt.jar:/Library/Java/JavaVirtualMachines/jdk1.8.0_144.jdk/Contents/Home/lib/tools.jar
PATH=/usr/local/bin:/usr/bin:/bin:/usr/sbin:/sbin:/usr/local/Cellar/maven/3.5.2/libexec/bin:/Library/Java/JavaVirtualMachines/jdk1.8.0_144.jdk/Contents/Home/bin:D:gradlegradle-3.4.1/libexec/bin
SHELL=/bin/bash

Signal Handlers:
SIGSEGV: [libjvm.dylib+0x5b26e5], sa_mask[0]=11111111011111110111111111111111, sa_flags=SA_ONSTACK|SA_RESTART|SA_SIGINFO
SIGBUS: [libjvm.dylib+0x5b26e5], sa_mask[0]=11111111011111110111111111111111, sa_flags=SA_RESTART|SA_SIGINFO
SIGFPE: [libjvm.dylib+0x489100], sa_mask[0]=11111111011111110111111111111111, sa_flags=SA_RESTART|SA_SIGINFO
SIGPIPE: [libjvm.dylib+0x489100], sa_mask[0]=11111111011111110111111111111111, sa_flags=SA_RESTART|SA_SIGINFO
SIGXFSZ: [libjvm.dylib+0x489100], sa_mask[0]=11111111011111110111111111111111, sa_flags=SA_RESTART|SA_SIGINFO
SIGILL: [libjvm.dylib+0x489100], sa_mask[0]=11111111011111110111111111111111, sa_flags=SA_RESTART|SA_SIGINFO
SIGUSR1: SIG_DFL, sa_mask[0]=00000000000000000000000000000000, sa_flags=none
SIGUSR2: [libjvm.dylib+0x488c1e], sa_mask[0]=00100000000000000000000000000000, sa_flags=SA_RESTART|SA_SIGINFO
SIGHUP: [libjvm.dylib+0x4871f5], sa_mask[0]=11111111011111110111111111111111, sa_flags=SA_RESTART|SA_SIGINFO
SIGINT: [libjvm.dylib+0x4871f5], sa_mask[0]=11111111011111110111111111111111, sa_flags=SA_RESTART|SA_SIGINFO
SIGTERM: [libjvm.dylib+0x4871f5], sa_mask[0]=11111111011111110111111111111111, sa_flags=SA_RESTART|SA_SIGINFO
SIGQUIT: [libjvm.dylib+0x4871f5], sa_mask[0]=11111111011111110111111111111111, sa_flags=SA_RESTART|SA_SIGINFO


---------------  S Y S T E M  ---------------

OS:Bsduname:Darwin 16.7.0 Darwin Kernel Version 16.7.0: Thu Jun 15 17:36:27 PDT 2017; root:xnu-3789.70.16~2/RELEASE_X86_64 x86_64
rlimit: STACK 8192k, CORE 0k, NPROC 709, NOFILE 10240, AS infinity
load average:2.24 2.06 1.93

CPU:total 8 (initial active 8) (4 cores per cpu, 2 threads per core) family 6 model 70 stepping 1, cmov, cx8, fxsr, mmx, sse, sse2, sse3, ssse3, sse4.1, sse4.2, popcnt, avx, avx2, aes, clmul, erms, lzcnt, ht, tsc, tscinvbit, bmi1, bmi2

Memory: 4k page, physical 16777216k(880440k free)

/proc/meminfo:


vm_info: Java HotSpot(TM) 64-Bit Server VM (25.144-b01) for bsd-amd64 JRE (1.8.0_144-b01), built on Jul 21 2017 22:07:42 by "java_re" with gcc 4.2.1 (Based on Apple Inc. build 5658) (LLVM build 2336.11.00)

time: Mon Feb  5 18:56:48 2018
elapsed time: 24 seconds (0d 0h 0m 24s)

